<?xml version="1.0" encoding="UTF-8"?>
<!-- Generated by org.testng.reporters.JUnitReportReporter -->
<testsuite hostname="DESKTOP-GPITC13" name="DataProviderDemo.DataProviderExamples" tests="2" failures="0" timestamp="23 Jan 2023 19:01:59 GMT" time="0.012" errors="0">
  <testcase name="testcaseDemo" time="0.011" classname="DataProviderDemo.DataProviderExamples"/>
  <testcase name="testcaseDemo" time="0.001" classname="DataProviderDemo.DataProviderExamples"/>
</testsuite> <!-- DataProviderDemo.DataProviderExamples -->
