<?xml version="1.0" encoding="UTF-8"?>
<!-- Generated by org.testng.reporters.JUnitReportReporter -->
<testsuite hostname="DESKTOP-GPITC13" name="Paralletest.Parelledemo" tests="2" failures="0" timestamp="16 Jan 2023 03:37:15 GMT" time="0.014" errors="0">
  <testcase name="test2" time="0.003" classname="Paralletest.Parelledemo"/>
  <testcase name="test1" time="0.011" classname="Paralletest.Parelledemo"/>
</testsuite> <!-- Paralletest.Parelledemo -->
