<?xml version="1.0" encoding="UTF-8"?>
<!-- Generated by org.testng.reporters.JUnitReportReporter -->
<testsuite hostname="DESKTOP-GPITC13" name="DataProviderDemo.DataProviderExamples3" tests="2" failures="0" timestamp="22 Jan 2023 16:38:11 GMT" time="0.011" errors="0">
  <testcase name="myTest" time="0.001" classname="DataProviderDemo.DataProviderExamples3"/>
  <testcase name="myTest" time="0.010" classname="DataProviderDemo.DataProviderExamples3"/>
</testsuite> <!-- DataProviderDemo.DataProviderExamples3 -->
