<?xml version="1.0" encoding="UTF-8"?>
<!-- Generated by org.testng.reporters.JUnitReportReporter -->
<testsuite hostname="DESKTOP-GPITC13" name="Paralleltest.Parelleldemo" tests="3" failures="0" timestamp="22 Jan 2023 15:52:58 GMT" time="0.033" errors="0">
  <testcase name="test1" time="0.016" classname="Paralleltest.Parelleldemo"/>
  <testcase name="test2" time="0.016" classname="Paralleltest.Parelleldemo"/>
  <testcase name="test3" time="0.001" classname="Paralleltest.Parelleldemo"/>
</testsuite> <!-- Paralleltest.Parelleldemo -->
