<?xml version="1.0" encoding="UTF-8"?>
<!-- Generated by org.testng.reporters.JUnitReportReporter -->
<testsuite hostname="DESKTOP-GPITC13" name="testNGvvsdemo.testNGvvsdemo.NewTest" tests="2" failures="0" timestamp="14 Jan 2023 01:30:31 GMT" time="0.005" errors="0">
  <testcase name="test1" time="0.004" classname="testNGvvsdemo.testNGvvsdemo.NewTest"/>
  <testcase name="test2" time="0.001" classname="testNGvvsdemo.testNGvvsdemo.NewTest"/>
</testsuite> <!-- testNGvvsdemo.testNGvvsdemo.NewTest -->
