<?xml version="1.0" encoding="UTF-8"?>
<!-- Generated by org.testng.reporters.JUnitReportReporter -->
<testsuite hostname="DESKTOP-GPITC13" name="Annotations.TestDemo" tests="2" failures="0" timestamp="23 Jan 2023 02:45:12 GMT" time="0.006" errors="0">
  <testcase name="newtest1" time="0.004" classname="Annotations.TestDemo"/>
  <testcase name="newtest2" time="0.002" classname="Annotations.TestDemo"/>
</testsuite> <!-- Annotations.TestDemo -->
