<?xml version="1.0" encoding="UTF-8"?>
<!-- Generated by org.testng.reporters.JUnitReportReporter -->
<testsuite hostname="DESKTOP-GPITC13" name="DataProviderDemo.DataProviderExamples" tests="2" failures="0" timestamp="22 Jan 2023 14:17:09 GMT" time="0.007" errors="0">
  <testcase name="testcaseDemo" time="0.001" classname="DataProviderDemo.DataProviderExamples"/>
  <testcase name="testcaseDemo" time="0.006" classname="DataProviderDemo.DataProviderExamples"/>
</testsuite> <!-- DataProviderDemo.DataProviderExamples -->
