<?xml version="1.0" encoding="UTF-8"?>
<!-- Generated by org.testng.reporters.JUnitReportReporter -->
<testsuite hostname="DESKTOP-GPITC13" name="BatchDemo.Driverdemo" tests="1" failures="0" timestamp="21 Jan 2023 19:09:48 GMT" time="12.263" errors="0">
  <testcase name="testdemo" time="12.263" classname="BatchDemo.Driverdemo"/>
</testsuite> <!-- BatchDemo.Driverdemo -->
