<?xml version="1.0" encoding="UTF-8"?>
<!-- Generated by org.testng.reporters.JUnitReportReporter -->
<testsuite hostname="DESKTOP-GPITC13" name="Reporters.Reportexamples" tests="1" failures="0" timestamp="22 Jan 2023 13:30:37 GMT" time="6.677" errors="0">
  <testcase name="reporters" time="6.677" classname="Reporters.Reportexamples"/>
</testsuite> <!-- Reporters.Reportexamples -->
