<?xml version="1.0" encoding="UTF-8"?>
<!-- Generated by org.testng.reporters.JUnitReportReporter -->
<testsuite hostname="DESKTOP-GPITC13" name="DemoTestNG.Sample" tests="1" failures="0" timestamp="21 Jan 2023 01:55:05 GMT" time="0.076" errors="0">
  <testcase name="Test" time="0.076" classname="DemoTestNG.Sample"/>
</testsuite> <!-- DemoTestNG.Sample -->
