<?xml version="1.0" encoding="UTF-8"?>
<!-- Generated by org.testng.reporters.JUnitReportReporter -->
<testsuite skipped="0" hostname="DESKTOP-GPITC13" name="BatchDemo.Sample" tests="1" failures="0" timestamp="2023-01-22T18:42:44 IST" time="22.109" errors="0">
  <testcase name="testdemo" time="22.109" classname="BatchDemo.Sample"/>
  <system-out/>
</testsuite> <!-- BatchDemo.Sample -->
